<?xml version="1.0" encoding="UTF-8"?>
<!-- Generated by org.testng.reporters.JUnitReportReporter -->
<testsuite hostname="DESKTOP-KCJU303" failures="0" tests="1" name="com.xyzbank.qa.testcases.TC003_AddNewCustomerTest" time="103.604" errors="0" timestamp="2024-03-10T00:47:05 PST" skipped="0">
  <testcase classname="com.xyzbank.qa.testcases.TC003_AddNewCustomerTest" name="verifyManagerLogin" time="103.604"/>
</testsuite> <!-- com.xyzbank.qa.testcases.TC003_AddNewCustomerTest -->
